c:\pogromist\urazov_car_proj\x64\debug\vc143.pdb
c:\pogromist\urazov_car_proj\x64\debug\vc143.idb
c:\pogromist\urazov_car_proj\x64\debug\shader_handle.obj
c:\pogromist\urazov_car_proj\x64\debug\main.obj
c:\pogromist\urazov_car_proj\x64\debug\imgui_widgets.obj
c:\pogromist\urazov_car_proj\x64\debug\imgui_tables.obj
c:\pogromist\urazov_car_proj\x64\debug\imgui_impl_opengl3.obj
c:\pogromist\urazov_car_proj\x64\debug\imgui_draw.obj
c:\pogromist\urazov_car_proj\x64\debug\imgui_demo.obj
c:\pogromist\urazov_car_proj\x64\debug\imgui.obj
c:\pogromist\urazov_car_proj\x64\debug\imgui_impl_glfw.obj
c:\pogromist\urazov_car_proj\x64\debug\glad.obj
c:\pogromist\urazov_car_proj\x64\debug\urazov_car_proj.exe
c:\pogromist\urazov_car_proj\x64\debug\urazov_car_proj.ilk
c:\pogromist\urazov_car_proj\x64\debug\urazov_car_proj.pdb
c:\pogromist\urazov_car_proj\x64\debug\urazov_car_proj.tlog\cl.command.1.tlog
c:\pogromist\urazov_car_proj\x64\debug\urazov_car_proj.tlog\cl.read.1.tlog
c:\pogromist\urazov_car_proj\x64\debug\urazov_car_proj.tlog\cl.write.1.tlog
c:\pogromist\urazov_car_proj\x64\debug\urazov_car_proj.tlog\link.command.1.tlog
c:\pogromist\urazov_car_proj\x64\debug\urazov_car_proj.tlog\link.read.1.tlog
c:\pogromist\urazov_car_proj\x64\debug\urazov_car_proj.tlog\link.write.1.tlog
